<?xml version="1.0" encoding="UTF-8"?>
<!-- Generated by org.testng.reporters.JUnitXMLReporter -->
<testsuite ignored="0" hostname="LAP01441s-MacBook-Pro.local" failures="0" tests="2" name="Command line test" time="56.175" errors="0" timestamp="2021-10-10T11:27:46 ICT">
  <testcase classname="com.example.SearchWeatherTest" name="testSearchWeather" time="19.632"/>
  <testcase classname="com.example.SearchWeatherTest" name="testSearchWeather" time="20.667"/>
</testsuite> <!-- Command line test -->
