<?xml version="1.0" encoding="UTF-8"?>
<testng-results ignored="0" total="1" passed="1" failed="0" skipped="0">
  <reporter-output>
  </reporter-output>
  <suite started-at="2021-10-10T00:30:04 ICT" name="com.example.SearchWeatherTest" finished-at="2021-10-10T00:30:33 ICT" duration-ms="29401">
    <groups>
    </groups>
    <test started-at="2021-10-10T00:30:04 ICT" name="Command line test" finished-at="2021-10-10T00:30:33 ICT" duration-ms="29401">
      <class name="com.example.SearchWeatherTest">
        <test-method is-config="true" signature="preCondition()[pri:0, instance:com.example.SearchWeatherTest@4a194c39]" started-at="2021-10-10T00:30:04 ICT" name="preCondition" finished-at="2021-10-10T00:30:11 ICT" duration-ms="7172" status="PASS">
          <reporter-output>
          </reporter-output>
        </test-method> <!-- preCondition -->
        <test-method signature="testSearchWeather()[pri:0, instance:com.example.SearchWeatherTest@4a194c39]" started-at="2021-10-10T00:30:11 ICT" name="testSearchWeather" finished-at="2021-10-10T00:30:33 ICT" duration-ms="21578" status="PASS">
          <reporter-output>
          </reporter-output>
        </test-method> <!-- testSearchWeather -->
        <test-method is-config="true" signature="postCondition()[pri:0, instance:com.example.SearchWeatherTest@4a194c39]" started-at="2021-10-10T00:30:33 ICT" name="postCondition" finished-at="2021-10-10T00:30:33 ICT" duration-ms="113" status="PASS">
          <reporter-output>
          </reporter-output>
        </test-method> <!-- postCondition -->
      </class> <!-- com.example.SearchWeatherTest -->
    </test> <!-- Command line test -->
  </suite> <!-- com.example.SearchWeatherTest -->
</testng-results>
