<?xml version="1.0" encoding="UTF-8"?>
<testng-results ignored="0" total="2" passed="2" failed="0" skipped="0">
  <reporter-output>
  </reporter-output>
  <suite started-at="2021-10-10T11:26:45 ICT" name="com.example.SearchWeatherTest" finished-at="2021-10-10T11:27:41 ICT" duration-ms="56175">
    <groups>
    </groups>
    <test started-at="2021-10-10T11:26:45 ICT" name="Command line test" finished-at="2021-10-10T11:27:41 ICT" duration-ms="56175">
      <class name="com.example.SearchWeatherTest">
        <test-method is-config="true" signature="preCondition()[pri:0, instance:com.example.SearchWeatherTest@56e8b606]" started-at="2021-10-10T11:26:45 ICT" name="preCondition" finished-at="2021-10-10T11:26:54 ICT" duration-ms="8697" status="PASS">
          <reporter-output>
          </reporter-output>
        </test-method> <!-- preCondition -->
        <test-method signature="testSearchWeather(java.lang.String)[pri:0, instance:com.example.SearchWeatherTest@56e8b606]" started-at="2021-10-10T11:26:54 ICT" name="testSearchWeather" data-provider="Search-Weather-City" finished-at="2021-10-10T11:27:14 ICT" duration-ms="19632" status="PASS">
          <params>
            <param index="0">
              <value>
                <![CDATA[Ha Noi]]>
              </value>
            </param>
          </params>
          <reporter-output>
          </reporter-output>
        </test-method> <!-- testSearchWeather -->
        <test-method is-config="true" signature="postCondition()[pri:0, instance:com.example.SearchWeatherTest@56e8b606]" started-at="2021-10-10T11:27:14 ICT" name="postCondition" finished-at="2021-10-10T11:27:14 ICT" duration-ms="95" status="PASS">
          <reporter-output>
          </reporter-output>
        </test-method> <!-- postCondition -->
        <test-method is-config="true" signature="preCondition()[pri:0, instance:com.example.SearchWeatherTest@56e8b606]" started-at="2021-10-10T11:27:14 ICT" name="preCondition" finished-at="2021-10-10T11:27:20 ICT" duration-ms="5647" status="PASS">
          <reporter-output>
          </reporter-output>
        </test-method> <!-- preCondition -->
        <test-method signature="testSearchWeather(java.lang.String)[pri:0, instance:com.example.SearchWeatherTest@56e8b606]" started-at="2021-10-10T11:27:20 ICT" name="testSearchWeather" data-provider="Search-Weather-City" finished-at="2021-10-10T11:27:41 ICT" duration-ms="20667" status="PASS">
          <params>
            <param index="0">
              <value>
                <![CDATA[London]]>
              </value>
            </param>
          </params>
          <reporter-output>
          </reporter-output>
        </test-method> <!-- testSearchWeather -->
        <test-method is-config="true" signature="postCondition()[pri:0, instance:com.example.SearchWeatherTest@56e8b606]" started-at="2021-10-10T11:27:41 ICT" name="postCondition" finished-at="2021-10-10T11:27:41 ICT" duration-ms="110" status="PASS">
          <reporter-output>
          </reporter-output>
        </test-method> <!-- postCondition -->
      </class> <!-- com.example.SearchWeatherTest -->
    </test> <!-- Command line test -->
  </suite> <!-- com.example.SearchWeatherTest -->
</testng-results>
